[INFO] Loaded images/man_mc.png from images/man_mc.png
[INFO] Loaded images/mc_launch.png from images/mc_launch.png
[INFO] Loaded images/mc_main.png from images/mc_main.png
[INFO] Loaded images/mc_left_panel_menu.png from images/mc_left_panel_menu.png
[INFO] Loaded images/mc_right_panel_menu.png from images/mc_right_panel_menu.png
[INFO] Loaded images/mc_info_mode.png from images/mc_info_mode.png
[INFO] Loaded images/mc_tree_mode.png from images/mc_tree_mode.png
[INFO] Loaded images/mc_swap_panels.png from images/mc_swap_panels.png
[INFO] Loaded images/mc_disable_panels.png from images/mc_disable_panels.png
[INFO] Loaded images/mc_compare_dirs.png from images/mc_compare_dirs.png
[INFO] Loaded images/mc_file_menu.png from images/mc_file_menu.png
[INFO] Loaded images/mc_mkdir.png from images/mc_mkdir.png
[INFO] Loaded images/mc_copy.png from images/mc_copy.png
[INFO] Loaded images/mc_move.png from images/mc_move.png
[INFO] Loaded images/mc_delete.png from images/mc_delete.png
[INFO] Loaded images/mc_file_info.png from images/mc_file_info.png
[INFO] Loaded images/mc_chmod.png from images/mc_chmod.png
[INFO] Loaded images/mc_symlink.png from images/mc_symlink.png
[INFO] Loaded images/mc_command_menu.png from images/mc_command_menu.png
[INFO] Loaded images/mc_find_file.png from images/mc_find_file.png
[INFO] Loaded images/mc_history.png from images/mc_history.png
[INFO] Loaded images/mc_options_menu.png from images/mc_options_menu.png
[INFO] Loaded images/mc_appearance.png from images/mc_appearance.png
[INFO] Loaded images/mc_editor_create.png from images/mc_editor_create.png
[INFO] Loaded images/mc_editor_open.png from images/mc_editor_open.png
[INFO] Loaded images/mc_editor_insert.png from images/mc_editor_insert.png
[INFO] Loaded images/mc_editor_delete_line.png from images/mc_editor_delete_line.png
[INFO] Loaded images/mc_editor_copy_paste.png from images/mc_editor_copy_paste.png
[INFO] Loaded images/mc_editor_undo.png from images/mc_editor_undo.png
[INFO] Loaded images/mc_editor_save.png from images/mc_editor_save.png
[INFO] Loaded images/mc_editor_navigation.png from images/mc_editor_navigation.png
[INFO] Loaded images/mc_editor_syntax.png from images/mc_editor_syntax.png
[INFO] Loaded images/mc_quit.png from images/mc_quit.png
[INFO] Not rendering RawInline (Format "tex") "\\today"
